# JRE version: OpenJDK Runtime Environment Temurin-21.0.3+9 (21.0.3+9) (build 21.0.3+9-LTS)
# Java VM: OpenJDK 64-Bit Server VM Temurin-21.0.3+9 (21.0.3+9-LTS, mixed mode, emulated-client, tiered, compressed oops, compressed class ptrs, g1 gc, windows-amd64)
GC Precious Log:
 CardTable entry size: 512
 Card Set container configuration: InlinePtr #cards 5 size 8 Array Of Cards #cards 12 size 40 Howl #buckets 4 coarsen threshold 1843 Howl Bitmap #cards 512 size 80 coarsen threshold 460 Card regions per heap region 1 cards per card region 2048
 CPUs: 12 total, 12 available
 Memory: 7903M
 Large Page Support: Disabled
 NUMA Support: Disabled
 Compressed Oops: Enabled (32-bit)
 Heap Region Size: 1M
 Heap Min Capacity: 8M
 Heap Initial Capacity: 124M
 Heap Max Capacity: 1G
 Pre-touch: Disabled
 Parallel Workers: 10
 Concurrent Workers: 3
 Concurrent Refinement Workers: 10
 Periodic GC: Disabled
Heap:
 garbage-first heap   total 102400K, used 39724K [0x00000000c0000000, 0x0000000100000000)
  region size 1024K, 1 young (1024K), 0 survivors (0K)
 Metaspace       used 64293K, committed 65088K, reserved 1114112K
  class space    used 7637K, committed 8000K, reserved 1048576K
GC Heap History (20 events):
Event: 10498.531 GC heap after
{Heap after GC invocations=602 (full 563):
 garbage-first heap   total 102400K, used 39724K [0x00000000c0000000, 0x0000000100000000)
  region size 1024K, 0 young (0K), 0 survivors (0K)
 Metaspace       used 64293K, committed 65088K, reserved 1114112K
  class space    used 7637K, committed 8000K, reserved 1048576K
}
Event: 10508.756 GC heap before
{Heap before GC invocations=602 (full 563):
 garbage-first heap   total 102400K, used 39724K [0x00000000c0000000, 0x0000000100000000)
  region size 1024K, 1 young (1024K), 0 survivors (0K)
 Metaspace       used 64293K, committed 65088K, reserved 1114112K
  class space    used 7637K, committed 8000K, reserved 1048576K
}
Event: 10508.816 GC heap after
{Heap after GC invocations=603 (full 564):
 garbage-first heap   total 102400K, used 39724K [0x00000000c0000000, 0x0000000100000000)
  region size 1024K, 0 young (0K), 0 survivors (0K)
 Metaspace       used 64293K, committed 65088K, reserved 1114112K
  class space    used 7637K, committed 8000K, reserved 1048576K
}
Event: 10519.043 GC heap before
{Heap before GC invocations=603 (full 564):
 garbage-first heap   total 102400K, used 39724K [0x00000000c0000000, 0x0000000100000000)
  region size 1024K, 1 young (1024K), 0 survivors (0K)
 Metaspace       used 64293K, committed 65088K, reserved 1114112K
  class space    used 7637K, committed 8000K, reserved 1048576K
}
Event: 10519.094 GC heap after
{Heap after GC invocations=604 (full 565):
 garbage-first heap   total 102400K, used 39724K [0x00000000c0000000, 0x0000000100000000)
  region size 1024K, 0 young (0K), 0 survivors (0K)
 Metaspace       used 64293K, committed 65088K, reserved 1114112K
  class space    used 7637K, committed 8000K, reserved 1048576K
}
Event: 10529.323 GC heap before
{Heap before GC invocations=604 (full 565):
 garbage-first heap   total 102400K, used 39724K [0x00000000c0000000, 0x0000000100000000)
  region size 1024K, 1 young (1024K), 0 survivors (0K)
 Metaspace       used 64293K, committed 65088K, reserved 1114112K
  class space    used 7637K, committed 8000K, reserved 1048576K
}
Event: 10529.369 GC heap after
{Heap after GC invocations=605 (full 566):
 garbage-first heap   total 102400K, used 39724K [0x00000000c0000000, 0x0000000100000000)
  region size 1024K, 0 young (0K), 0 survivors (0K)
 Metaspace       used 64293K, committed 65088K, reserved 1114112K
  class space    used 7637K, committed 8000K, reserved 1048576K
}
Event: 10539.591 GC heap before
{Heap before GC invocations=605 (full 566):
 garbage-first heap   total 102400K, used 39724K [0x00000000c0000000, 0x0000000100000000)
  region size 1024K, 1 young (1024K), 0 survivors (0K)
 Metaspace       used 64293K, committed 65088K, reserved 1114112K
  class space    used 7637K, committed 8000K, reserved 1048576K
}
Event: 10539.650 GC heap after
{Heap after GC invocations=606 (full 567):
 garbage-first heap   total 102400K, used 39724K [0x00000000c0000000, 0x0000000100000000)
  region size 1024K, 0 young (0K), 0 survivors (0K)
 Metaspace       used 64293K, committed 65088K, reserved 1114112K
  class space    used 7637K, committed 8000K, reserved 1048576K
}
Event: 10549.879 GC heap before
{Heap before GC invocations=606 (full 567):
 garbage-first heap   total 102400K, used 39724K [0x00000000c0000000, 0x0000000100000000)
  region size 1024K, 1 young (1024K), 0 survivors (0K)
 Metaspace       used 64293K, committed 65088K, reserved 1114112K
  class space    used 7637K, committed 8000K, reserved 1048576K
}
Event: 10549.929 GC heap after
{Heap after GC invocations=607 (full 568):
 garbage-first heap   total 102400K, used 39724K [0x00000000c0000000, 0x0000000100000000)
  region size 1024K, 0 young (0K), 0 survivors (0K)
 Metaspace       used 64293K, committed 65088K, reserved 1114112K
  class space    used 7637K, committed 8000K, reserved 1048576K
}
Event: 10560.128 GC heap before
{Heap before GC invocations=607 (full 568):
 garbage-first heap   total 102400K, used 39724K [0x00000000c0000000, 0x0000000100000000)
  region size 1024K, 1 young (1024K), 0 survivors (0K)
 Metaspace       used 64293K, committed 65088K, reserved 1114112K
  class space    used 7637K, committed 8000K, reserved 1048576K
}
Event: 10560.171 GC heap after
{Heap after GC invocations=608 (full 569):
 garbage-first heap   total 102400K, used 39724K [0x00000000c0000000, 0x0000000100000000)
  region size 1024K, 0 young (0K), 0 survivors (0K)
 Metaspace       used 64293K, committed 65088K, reserved 1114112K
  class space    used 7637K, committed 8000K, reserved 1048576K
}
Event: 10570.374 GC heap before
{Heap before GC invocations=608 (full 569):
 garbage-first heap   total 102400K, used 39724K [0x00000000c0000000, 0x0000000100000000)
  region size 1024K, 1 young (1024K), 0 survivors (0K)
 Metaspace       used 64293K, committed 65088K, reserved 1114112K
  class space    used 7637K, committed 8000K, reserved 1048576K
}
Event: 10570.427 GC heap after
{Heap after GC invocations=609 (full 570):
 garbage-first heap   total 102400K, used 39724K [0x00000000c0000000, 0x0000000100000000)
  region size 1024K, 0 young (0K), 0 survivors (0K)
 Metaspace       used 64293K, committed 65088K, reserved 1114112K
  class space    used 7637K, committed 8000K, reserved 1048576K
}
Event: 10580.665 GC heap before
{Heap before GC invocations=609 (full 570):
 garbage-first heap   total 102400K, used 39724K [0x00000000c0000000, 0x0000000100000000)
  region size 1024K, 1 young (1024K), 0 survivors (0K)
 Metaspace       used 64293K, committed 65088K, reserved 1114112K
  class space    used 7637K, committed 8000K, reserved 1048576K
}
Event: 10580.708 GC heap after
{Heap after GC invocations=610 (full 571):
 garbage-first heap   total 102400K, used 39724K [0x00000000c0000000, 0x0000000100000000)
  region size 1024K, 0 young (0K), 0 survivors (0K)
 Metaspace       used 64293K, committed 65088K, reserved 1114112K
  class space    used 7637K, committed 8000K, reserved 1048576K
}
Event: 10590.949 GC heap before
{Heap before GC invocations=610 (full 571):
 garbage-first heap   total 102400K, used 39724K [0x00000000c0000000, 0x0000000100000000)
  region size 1024K, 1 young (1024K), 0 survivors (0K)
 Metaspace       used 64293K, committed 65088K, reserved 1114112K
  class space    used 7637K, committed 8000K, reserved 1048576K
}
Event: 10590.995 GC heap after
{Heap after GC invocations=611 (full 572):
 garbage-first heap   total 102400K, used 39724K [0x00000000c0000000, 0x0000000100000000)
  region size 1024K, 0 young (0K), 0 survivors (0K)
 Metaspace       used 64293K, committed 65088K, reserved 1114112K
  class space    used 7637K, committed 8000K, reserved 1048576K
}
Event: 10601.158 GC heap before
{Heap before GC invocations=611 (full 572):
 garbage-first heap   total 102400K, used 39724K [0x00000000c0000000, 0x0000000100000000)
  region size 1024K, 1 young (1024K), 0 survivors (0K)
 Metaspace       used 64293K, committed 65088K, reserved 1114112K
  class space    used 7637K, committed 8000K, reserved 1048576K
}

